<?xml version="1.0" encoding="UTF-8"?>
<!-- Generated by org.testng.reporters.JUnitReportReporter -->
<testsuite hostname="DESKTOP-VDK2BKM" failures="0" tests="1" name="Test2.Test2.Test2" time="13.396" errors="0" timestamp="2022-11-01T18:08:13 IST" skipped="0">
  <testcase classname="Test2.Test2.Test2" name="Test" time="13.396"/>
  <system-out>
    <![CDATA[Actual Result matches Expected result:MacBook]]>
  </system-out>
</testsuite> <!-- Test2.Test2.Test2 -->
