<?xml version="1.0" encoding="UTF-8"?>
<!-- Generated by org.testng.reporters.JUnitReportReporter -->
<testsuite hostname="DESKTOP-VDK2BKM" failures="0" tests="1" name="Test1.Test1.Test1" time="19.721" errors="0" timestamp="2022-11-01T16:18:38 IST" skipped="0">
  <testcase classname="Test1.Test1.Test1" name="Test" time="19.721"/>
  <system-out/>
</testsuite> <!-- Test1.Test1.Test1 -->
